<?xml version="1.0" encoding="UTF-8"?>
<!-- Generated by org.testng.reporters.JUnitReportReporter -->
<testsuite hostname="gaian" failures="0" tests="1" name="tfWebControllers.MyRunner" time="0.465" errors="0" timestamp="2023-09-25T11:14:32 IST" skipped="0">
  <testcase classname="tfWebControllers.MyRunner" name="BA" time="0.465"/>
  <system-out/>
</testsuite> <!-- tfWebControllers.MyRunner -->
