<?xml version="1.0" encoding="UTF-8"?>
<!-- Generated by org.testng.reporters.JUnitReportReporter -->
<testsuite hostname="gaian" failures="0" tests="1" name="monetControllers.MyRunner" time="28.163" errors="0" timestamp="2023-09-20T15:22:51 IST" skipped="0">
  <testcase classname="monetControllers.MyRunner" name="BA" time="28.163"/>
  <system-out/>
</testsuite> <!-- monetControllers.MyRunner -->
