<?xml version="1.0" encoding="UTF-8"?>
<!-- Generated by org.testng.reporters.JUnitReportReporter -->
<testsuite hostname="LAPTOP-8HAC5IRG" failures="0" tests="1" name="tfWebControllers.MyRunner" time="42.831" errors="0" timestamp="2023-10-06T11:13:42 IST" skipped="0">
  <testcase classname="tfWebControllers.MyRunner" name="BA" time="42.831"/>
  <system-out/>
</testsuite> <!-- tfWebControllers.MyRunner -->
